Oglite_Glitter拷貝/app/build/intermediates/manifest_merge_blame_file/debug/manifest-merger-blame-debug-report.txt
1<?xml version="1.0" encoding="utf-8"?>
2<manifest xmlns:android="http://schemas.android.com/apk/res/android"
3    package="com.orange.og_lite"
4    android:versionCode="30"
5    android:versionName="1.71" >
6
7    <uses-sdk
8        android:minSdkVersion="26"
8-->src/main/AndroidManifest.xml
9        android:targetSdkVersion="32" />
9-->src/main/AndroidManifest.xml
10
11    <uses-permission android:name="android.permission.BLUETOOTH_SCAN" />
11-->src/main/AndroidManifest.xml:5:5-72
11-->src/main/AndroidManifest.xml:5:22-70
12    <uses-permission android:name="android.permission.BLUETOOTH_ADVERTISE" />
12-->src/main/AndroidManifest.xml:6:5-77
12-->src/main/AndroidManifest.xml:6:22-75
13    <uses-permission android:name="android.permission.BLUETOOTH_CONNECT" />
13-->src/main/AndroidManifest.xml:7:5-75
13-->src/main/AndroidManifest.xml:7:22-73
14    <uses-permission android:name="android.permission.INTERNET" />
14-->src/main/AndroidManifest.xml:8:5-66
14-->src/main/AndroidManifest.xml:8:22-64
15    <uses-permission android:name="android.permission.BLUETOOTH" />
15-->[com.github.sam38124:Glitter_Plugin_Bluetooth:1.4.7] AndroidManifest.xml:11:5-68
15-->[com.github.sam38124:Glitter_Plugin_Bluetooth:1.4.7] AndroidManifest.xml:11:22-65
16    <uses-permission android:name="android.permission.ACCESS_COARSE_LOCATION" />
16-->[com.github.sam38124:Glitter_Plugin_Bluetooth:1.4.7] AndroidManifest.xml:12:5-81
16-->[com.github.sam38124:Glitter_Plugin_Bluetooth:1.4.7] AndroidManifest.xml:12:22-78
17    <uses-permission android:name="android.permission.ACCESS_FINE_LOCATION" />
17-->[com.github.sam38124:Glitter_Plugin_Bluetooth:1.4.7] AndroidManifest.xml:13:5-79
17-->[com.github.sam38124:Glitter_Plugin_Bluetooth:1.4.7] AndroidManifest.xml:13:22-76
18    <uses-permission android:name="android.permission.READ_EXTERNAL_STORAGE" />
18-->[com.github.sam38124:Glitter_Android:2.7.8] AndroidManifest.xml:11:5-80
18-->[com.github.sam38124:Glitter_Android:2.7.8] AndroidManifest.xml:11:22-77
19    <uses-permission android:name="android.permission.WRITE_EXTERNAL_STORAGE" />
19-->[com.github.sam38124:Glitter_Android:2.7.8] AndroidManifest.xml:12:5-81
19-->[com.github.sam38124:Glitter_Android:2.7.8] AndroidManifest.xml:12:22-78
20    <uses-permission android:name="android.permission.BLUETOOTH_ADMIN" />
20-->[com.github.sam38124:Glitter_Android:2.7.8] AndroidManifest.xml:15:5-74
20-->[com.github.sam38124:Glitter_Android:2.7.8] AndroidManifest.xml:15:22-71
21    <uses-permission android:name="android.permission.CAMERA" />
21-->[com.github.sam38124:Glitter_Android:2.7.8] AndroidManifest.xml:16:5-65
21-->[com.github.sam38124:Glitter_Android:2.7.8] AndroidManifest.xml:16:22-62
22
23    <uses-feature android:name="android.hardware.camera.autofocus" />
23-->[com.github.sam38124:Glitter_Android:2.7.8] AndroidManifest.xml:18:5-70
23-->[com.github.sam38124:Glitter_Android:2.7.8] AndroidManifest.xml:18:19-67
24    <uses-feature android:name="android.hardware.camera" />
24-->[com.github.sam38124:Glitter_Android:2.7.8] AndroidManifest.xml:19:5-60
24-->[com.github.sam38124:Glitter_Android:2.7.8] AndroidManifest.xml:19:19-57
25
26    <uses-permission android:name="android.permission.BLUETOOTH_ADMIN" />
26-->[com.github.sam38124:Glitter_Android:2.7.8] AndroidManifest.xml:15:5-74
26-->[com.github.sam38124:Glitter_Android:2.7.8] AndroidManifest.xml:15:22-71
27    <uses-permission android:name="android.permission.FOREGROUND_SERVICE" /> <!-- File Permission -->
27-->[com.github.sam38124:Glitter_Android:2.7.8] AndroidManifest.xml:23:5-77
27-->[com.github.sam38124:Glitter_Android:2.7.8] AndroidManifest.xml:23:22-74
28    <uses-permission android:name="android.permission.READ_EXTERNAL_STORAGE" />
28-->[com.github.sam38124:Glitter_Android:2.7.8] AndroidManifest.xml:11:5-80
28-->[com.github.sam38124:Glitter_Android:2.7.8] AndroidManifest.xml:11:22-77
29    <uses-permission android:name="android.permission.ACCESS_NETWORK_STATE" />
29-->[com.google.firebase:firebase-auth:21.0.0] AndroidManifest.xml:24:5-79
29-->[com.google.firebase:firebase-auth:21.0.0] AndroidManifest.xml:24:22-76
30
31    <permission
31-->[androidx.core:core:1.9.0-alpha05] AndroidManifest.xml:23:5-25:47
32        android:name="com.orange.og_lite.DYNAMIC_RECEIVER_NOT_EXPORTED_PERMISSION"
32-->[androidx.core:core:1.9.0-alpha05] AndroidManifest.xml:24:9-81
33        android:protectionLevel="signature" />
33-->[androidx.core:core:1.9.0-alpha05] AndroidManifest.xml:25:9-44
34
35    <uses-permission android:name="com.orange.og_lite.DYNAMIC_RECEIVER_NOT_EXPORTED_PERMISSION" />
35-->[androidx.core:core:1.9.0-alpha05] AndroidManifest.xml:27:5-97
35-->[androidx.core:core:1.9.0-alpha05] AndroidManifest.xml:27:22-94
36    <uses-permission android:name="com.google.android.finsky.permission.BIND_GET_INSTALL_REFERRER_SERVICE" />
36-->[com.android.installreferrer:installreferrer:1.0] AndroidManifest.xml:9:5-110
36-->[com.android.installreferrer:installreferrer:1.0] AndroidManifest.xml:9:22-107
37
38    <application
38-->src/main/AndroidManifest.xml:9:5-39:19
39        android:name="com.orange.oglite_glitter.MyApp"
39-->src/main/AndroidManifest.xml:17:13-34
40        android:allowBackup="true"
40-->src/main/AndroidManifest.xml:10:13-39
41        android:appComponentFactory="androidx.core.app.CoreComponentFactory"
41-->[androidx.core:core:1.9.0-alpha05] AndroidManifest.xml:29:18-86
42        android:debuggable="true"
43        android:extractNativeLibs="false"
44        android:icon="@mipmap/icon_default_logo"
44-->src/main/AndroidManifest.xml:11:13-53
45        android:label="Oglite"
45-->src/main/AndroidManifest.xml:12:13-35
46        android:largeHeap="true"
46-->src/main/AndroidManifest.xml:16:13-37
47        android:networkSecurityConfig="@xml/network_security_config"
47-->src/main/AndroidManifest.xml:13:13-73
48        android:roundIcon="@mipmap/icon_default_logo"
48-->src/main/AndroidManifest.xml:14:13-58
49        android:supportsRtl="true"
49-->src/main/AndroidManifest.xml:15:13-39
50        android:testOnly="true"
51        android:theme="@style/Theme.AppCompat.NoActionBar" >
51-->src/main/AndroidManifest.xml:18:13-63
52        <activity
52-->src/main/AndroidManifest.xml:19:9-28:20
53            android:name="com.jianzhi.glitter.GlitterActivity"
53-->src/main/AndroidManifest.xml:19:19-69
54            android:exported="true"
54-->src/main/AndroidManifest.xml:20:19-42
55            android:screenOrientation="portrait"
55-->src/main/AndroidManifest.xml:22:19-55
56            android:theme="@style/SwipTheme__"
56-->[com.github.sam38124:Glitter_Android:2.7.8] AndroidManifest.xml:33:13-47
57            android:windowSoftInputMode="stateVisible|adjustResize" >
57-->src/main/AndroidManifest.xml:21:19-74
58            <intent-filter>
58-->src/main/AndroidManifest.xml:23:13-27:29
59                <action android:name="android.intent.action.MAIN" />
59-->src/main/AndroidManifest.xml:24:17-68
59-->src/main/AndroidManifest.xml:24:25-66
60
61                <category android:name="android.intent.category.LAUNCHER" />
61-->src/main/AndroidManifest.xml:26:17-76
61-->src/main/AndroidManifest.xml:26:27-74
62            </intent-filter>
63        </activity>
64        <activity
64-->src/main/AndroidManifest.xml:29:9-86
65            android:name="com.orange.oglite_glitter.ScannerActivity"
65-->src/main/AndroidManifest.xml:29:19-50
66            android:exported="true" />
66-->src/main/AndroidManifest.xml:29:51-74
67
68        <provider
68-->src/main/AndroidManifest.xml:30:9-38:20
69            android:name="androidx.core.content.FileProvider"
69-->src/main/AndroidManifest.xml:31:17-66
70            android:authorities="PhotoPicker_Ogenius"
70-->src/main/AndroidManifest.xml:32:17-58
71            android:exported="false"
71-->src/main/AndroidManifest.xml:33:17-41
72            android:grantUriPermissions="true" >
72-->src/main/AndroidManifest.xml:34:17-51
73            <meta-data
73-->src/main/AndroidManifest.xml:35:13-37:48
74                android:name="android.support.FILE_PROVIDER_PATHS"
74-->src/main/AndroidManifest.xml:36:21-71
75                android:resource="@xml/s" />
75-->src/main/AndroidManifest.xml:37:21-46
76        </provider>
77
78        <activity android:name="com.jianzhi.glitter.WebViewAct" />
78-->[com.github.sam38124:Glitter_Android:2.7.8] AndroidManifest.xml:30:9-67
78-->[com.github.sam38124:Glitter_Android:2.7.8] AndroidManifest.xml:30:19-64
79        <activity android:name="com.zhihu.matisse.ui.MatisseActivity" />
79-->[com.zhihu.android:matisse:0.5.3-beta3] AndroidManifest.xml:28:9-73
79-->[com.zhihu.android:matisse:0.5.3-beta3] AndroidManifest.xml:28:19-70
80        <activity android:name="com.zhihu.matisse.internal.ui.AlbumPreviewActivity" />
80-->[com.zhihu.android:matisse:0.5.3-beta3] AndroidManifest.xml:29:9-87
80-->[com.zhihu.android:matisse:0.5.3-beta3] AndroidManifest.xml:29:19-84
81        <activity android:name="com.zhihu.matisse.internal.ui.SelectedPreviewActivity" />
81-->[com.zhihu.android:matisse:0.5.3-beta3] AndroidManifest.xml:30:9-90
81-->[com.zhihu.android:matisse:0.5.3-beta3] AndroidManifest.xml:30:19-87
82
83        <service
83-->[com.github.sam38124:JzBleHelper:7.9] AndroidManifest.xml:29:9-31:38
84            android:name="com.jianzhi.jzblehelper.server.BluetoothLeService"
84-->[com.github.sam38124:JzBleHelper:7.9] AndroidManifest.xml:30:13-77
85            android:enabled="true" />
85-->[com.github.sam38124:JzBleHelper:7.9] AndroidManifest.xml:31:13-35
86
87        <activity
87-->[com.facebook.android:facebook-common:8.1.0] AndroidManifest.xml:30:9-33:66
88            android:name="com.facebook.FacebookActivity"
88-->[com.facebook.android:facebook-common:8.1.0] AndroidManifest.xml:31:13-57
89            android:configChanges="keyboard|keyboardHidden|screenLayout|screenSize|orientation"
89-->[com.facebook.android:facebook-common:8.1.0] AndroidManifest.xml:32:13-96
90            android:theme="@style/com_facebook_activity_theme" />
90-->[com.facebook.android:facebook-common:8.1.0] AndroidManifest.xml:33:13-63
91        <activity android:name="com.facebook.CustomTabMainActivity" />
91-->[com.facebook.android:facebook-common:8.1.0] AndroidManifest.xml:34:9-71
91-->[com.facebook.android:facebook-common:8.1.0] AndroidManifest.xml:34:19-68
92        <activity
92-->[com.facebook.android:facebook-common:8.1.0] AndroidManifest.xml:35:9-49:20
93            android:name="com.facebook.CustomTabActivity"
93-->[com.facebook.android:facebook-common:8.1.0] AndroidManifest.xml:36:13-58
94            android:exported="true" >
94-->[com.facebook.android:facebook-common:8.1.0] AndroidManifest.xml:37:13-36
95            <intent-filter>
95-->[com.facebook.android:facebook-common:8.1.0] AndroidManifest.xml:39:13-48:29
96                <action android:name="android.intent.action.VIEW" />
96-->[com.facebook.android:facebook-common:8.1.0] AndroidManifest.xml:40:17-69
96-->[com.facebook.android:facebook-common:8.1.0] AndroidManifest.xml:40:25-66
97
98                <category android:name="android.intent.category.DEFAULT" />
98-->[com.facebook.android:facebook-common:8.1.0] AndroidManifest.xml:42:17-76
98-->[com.facebook.android:facebook-common:8.1.0] AndroidManifest.xml:42:27-73
99                <category android:name="android.intent.category.BROWSABLE" />
99-->[com.facebook.android:facebook-common:8.1.0] AndroidManifest.xml:43:17-78
99-->[com.facebook.android:facebook-common:8.1.0] AndroidManifest.xml:43:27-75
100
101                <data
101-->[com.facebook.android:facebook-common:8.1.0] AndroidManifest.xml:45:17-47:50
102                    android:host="cct.com.orange.og_lite"
102-->[com.facebook.android:facebook-common:8.1.0] AndroidManifest.xml:46:21-56
103                    android:scheme="fbconnect" />
103-->[com.facebook.android:facebook-common:8.1.0] AndroidManifest.xml:47:21-47
104            </intent-filter>
105        </activity>
106
107        <service
107-->[com.google.firebase:firebase-auth-ktx:21.0.0] AndroidManifest.xml:8:9-14:19
108            android:name="com.google.firebase.components.ComponentDiscoveryService"
108-->[com.google.firebase:firebase-auth-ktx:21.0.0] AndroidManifest.xml:9:13-84
109            android:directBootAware="true"
109-->[com.google.firebase:firebase-common:20.0.0] AndroidManifest.xml:35:13-43
110            android:exported="false" >
110-->[com.google.firebase:firebase-auth-ktx:21.0.0] AndroidManifest.xml:10:13-37
111            <meta-data
111-->[com.google.firebase:firebase-auth-ktx:21.0.0] AndroidManifest.xml:11:13-13:85
112                android:name="com.google.firebase.components:com.google.firebase.auth.ktx.FirebaseAuthKtxRegistrar"
112-->[com.google.firebase:firebase-auth-ktx:21.0.0] AndroidManifest.xml:12:17-116
113                android:value="com.google.firebase.components.ComponentRegistrar" />
113-->[com.google.firebase:firebase-auth-ktx:21.0.0] AndroidManifest.xml:13:17-82
114            <meta-data
114-->[com.google.firebase:firebase-auth:21.0.0] AndroidManifest.xml:77:13-79:85
115                android:name="com.google.firebase.components:com.google.firebase.auth.FirebaseAuthRegistrar"
115-->[com.google.firebase:firebase-auth:21.0.0] AndroidManifest.xml:78:17-109
116                android:value="com.google.firebase.components.ComponentRegistrar" />
116-->[com.google.firebase:firebase-auth:21.0.0] AndroidManifest.xml:79:17-82
117            <meta-data
117-->[com.google.firebase:firebase-common-ktx:20.0.0] AndroidManifest.xml:15:13-17:85
118                android:name="com.google.firebase.components:com.google.firebase.ktx.FirebaseCommonKtxRegistrar"
118-->[com.google.firebase:firebase-common-ktx:20.0.0] AndroidManifest.xml:16:17-113
119                android:value="com.google.firebase.components.ComponentRegistrar" />
119-->[com.google.firebase:firebase-common-ktx:20.0.0] AndroidManifest.xml:17:17-82
120        </service>
121
122        <activity
122-->[com.google.firebase:firebase-auth:21.0.0] AndroidManifest.xml:27:9-44:20
123            android:name="com.google.firebase.auth.internal.GenericIdpActivity"
123-->[com.google.firebase:firebase-auth:21.0.0] AndroidManifest.xml:28:13-80
124            android:excludeFromRecents="true"
124-->[com.google.firebase:firebase-auth:21.0.0] AndroidManifest.xml:29:13-46
125            android:exported="true"
125-->[com.google.firebase:firebase-auth:21.0.0] AndroidManifest.xml:30:13-36
126            android:launchMode="singleTask"
126-->[com.google.firebase:firebase-auth:21.0.0] AndroidManifest.xml:31:13-44
127            android:theme="@android:style/Theme.Translucent.NoTitleBar" >
127-->[com.google.firebase:firebase-auth:21.0.0] AndroidManifest.xml:32:13-72
128            <intent-filter>
128-->[com.google.firebase:firebase-auth:21.0.0] AndroidManifest.xml:33:13-43:29
129                <action android:name="android.intent.action.VIEW" />
129-->[com.facebook.android:facebook-common:8.1.0] AndroidManifest.xml:40:17-69
129-->[com.facebook.android:facebook-common:8.1.0] AndroidManifest.xml:40:25-66
130
131                <category android:name="android.intent.category.DEFAULT" />
131-->[com.facebook.android:facebook-common:8.1.0] AndroidManifest.xml:42:17-76
131-->[com.facebook.android:facebook-common:8.1.0] AndroidManifest.xml:42:27-73
132                <category android:name="android.intent.category.BROWSABLE" />
132-->[com.facebook.android:facebook-common:8.1.0] AndroidManifest.xml:43:17-78
132-->[com.facebook.android:facebook-common:8.1.0] AndroidManifest.xml:43:27-75
133
134                <data
134-->[com.facebook.android:facebook-common:8.1.0] AndroidManifest.xml:45:17-47:50
135                    android:host="firebase.auth"
135-->[com.facebook.android:facebook-common:8.1.0] AndroidManifest.xml:46:21-56
136                    android:path="/"
137                    android:scheme="genericidp" />
137-->[com.facebook.android:facebook-common:8.1.0] AndroidManifest.xml:47:21-47
138            </intent-filter>
139        </activity>
140        <activity
140-->[com.google.firebase:firebase-auth:21.0.0] AndroidManifest.xml:45:9-62:20
141            android:name="com.google.firebase.auth.internal.RecaptchaActivity"
141-->[com.google.firebase:firebase-auth:21.0.0] AndroidManifest.xml:46:13-79
142            android:excludeFromRecents="true"
142-->[com.google.firebase:firebase-auth:21.0.0] AndroidManifest.xml:47:13-46
143            android:exported="true"
143-->[com.google.firebase:firebase-auth:21.0.0] AndroidManifest.xml:48:13-36
144            android:launchMode="singleTask"
144-->[com.google.firebase:firebase-auth:21.0.0] AndroidManifest.xml:49:13-44
145            android:theme="@android:style/Theme.Translucent.NoTitleBar" >
145-->[com.google.firebase:firebase-auth:21.0.0] AndroidManifest.xml:50:13-72
146            <intent-filter>
146-->[com.google.firebase:firebase-auth:21.0.0] AndroidManifest.xml:51:13-61:29
147                <action android:name="android.intent.action.VIEW" />
147-->[com.facebook.android:facebook-common:8.1.0] AndroidManifest.xml:40:17-69
147-->[com.facebook.android:facebook-common:8.1.0] AndroidManifest.xml:40:25-66
148
149                <category android:name="android.intent.category.DEFAULT" />
149-->[com.facebook.android:facebook-common:8.1.0] AndroidManifest.xml:42:17-76
149-->[com.facebook.android:facebook-common:8.1.0] AndroidManifest.xml:42:27-73
150                <category android:name="android.intent.category.BROWSABLE" />
150-->[com.facebook.android:facebook-common:8.1.0] AndroidManifest.xml:43:17-78
150-->[com.facebook.android:facebook-common:8.1.0] AndroidManifest.xml:43:27-75
151
152                <data
152-->[com.facebook.android:facebook-common:8.1.0] AndroidManifest.xml:45:17-47:50
153                    android:host="firebase.auth"
153-->[com.facebook.android:facebook-common:8.1.0] AndroidManifest.xml:46:21-56
154                    android:path="/"
155                    android:scheme="recaptcha" />
155-->[com.facebook.android:facebook-common:8.1.0] AndroidManifest.xml:47:21-47
156            </intent-filter>
157        </activity>
158
159        <service
159-->[com.google.firebase:firebase-auth:21.0.0] AndroidManifest.xml:64:9-73:19
160            android:name="com.google.firebase.auth.api.fallback.service.FirebaseAuthFallbackService"
160-->[com.google.firebase:firebase-auth:21.0.0] AndroidManifest.xml:65:13-101
161            android:enabled="true"
161-->[com.google.firebase:firebase-auth:21.0.0] AndroidManifest.xml:66:13-35
162            android:exported="false" >
162-->[com.google.firebase:firebase-auth:21.0.0] AndroidManifest.xml:67:13-37
163            <intent-filter>
163-->[com.google.firebase:firebase-auth:21.0.0] AndroidManifest.xml:68:13-72:29
164                <action android:name="com.google.firebase.auth.api.gms.service.START" />
164-->[com.google.firebase:firebase-auth:21.0.0] AndroidManifest.xml:69:17-89
164-->[com.google.firebase:firebase-auth:21.0.0] AndroidManifest.xml:69:25-86
165
166                <category android:name="android.intent.category.DEFAULT" />
166-->[com.facebook.android:facebook-common:8.1.0] AndroidManifest.xml:42:17-76
166-->[com.facebook.android:facebook-common:8.1.0] AndroidManifest.xml:42:27-73
167            </intent-filter>
168        </service>
169
170        <activity
170-->[com.google.android.gms:play-services-base:17.1.0] AndroidManifest.xml:23:9-26:75
171            android:name="com.google.android.gms.common.api.GoogleApiActivity"
171-->[com.google.android.gms:play-services-base:17.1.0] AndroidManifest.xml:24:13-79
172            android:exported="false"
172-->[com.google.android.gms:play-services-base:17.1.0] AndroidManifest.xml:25:13-37
173            android:theme="@android:style/Theme.Translucent.NoTitleBar" />
173-->[com.google.android.gms:play-services-base:17.1.0] AndroidManifest.xml:26:13-72
174
175        <provider
175-->[com.google.firebase:firebase-common:20.0.0] AndroidManifest.xml:26:9-31:39
176            android:name="com.google.firebase.provider.FirebaseInitProvider"
176-->[com.google.firebase:firebase-common:20.0.0] AndroidManifest.xml:27:13-77
177            android:authorities="com.orange.og_lite.firebaseinitprovider"
177-->[com.google.firebase:firebase-common:20.0.0] AndroidManifest.xml:28:13-72
178            android:directBootAware="true"
178-->[com.google.firebase:firebase-common:20.0.0] AndroidManifest.xml:29:13-43
179            android:exported="false"
179-->[com.google.firebase:firebase-common:20.0.0] AndroidManifest.xml:30:13-37
180            android:initOrder="100" />
180-->[com.google.firebase:firebase-common:20.0.0] AndroidManifest.xml:31:13-36
181
182        <meta-data
182-->[com.google.android.gms:play-services-basement:17.1.0] AndroidManifest.xml:23:9-25:69
183            android:name="com.google.android.gms.version"
183-->[com.google.android.gms:play-services-basement:17.1.0] AndroidManifest.xml:24:13-58
184            android:value="@integer/google_play_services_version" />
184-->[com.google.android.gms:play-services-basement:17.1.0] AndroidManifest.xml:25:13-66
185        <!--
186         The initialization ContentProvider will call FacebookSdk.sdkInitialize automatically
187         with the application context. This config is merged in with the host app's manifest,
188         but there can only be one provider with the same authority activated at any given
189         point; so if the end user has two or more different apps that use Facebook SDK, only the
190         first one will be able to use the provider. To work around this problem, we use the
191         following placeholder in the authority to identify each host application as if it was
192         a completely different provider.
193        -->
194        <provider
194-->[com.facebook.android:facebook-core:8.1.0] AndroidManifest.xml:39:9-42:40
195            android:name="com.facebook.internal.FacebookInitProvider"
195-->[com.facebook.android:facebook-core:8.1.0] AndroidManifest.xml:40:13-70
196            android:authorities="com.orange.og_lite.FacebookInitProvider"
196-->[com.facebook.android:facebook-core:8.1.0] AndroidManifest.xml:41:13-72
197            android:exported="false" />
197-->[com.facebook.android:facebook-core:8.1.0] AndroidManifest.xml:42:13-37
198
199        <receiver
199-->[com.facebook.android:facebook-core:8.1.0] AndroidManifest.xml:44:9-50:20
200            android:name="com.facebook.CurrentAccessTokenExpirationBroadcastReceiver"
200-->[com.facebook.android:facebook-core:8.1.0] AndroidManifest.xml:45:13-86
201            android:exported="false" >
201-->[com.facebook.android:facebook-core:8.1.0] AndroidManifest.xml:46:13-37
202            <intent-filter>
202-->[com.facebook.android:facebook-core:8.1.0] AndroidManifest.xml:47:13-49:29
203                <action android:name="com.facebook.sdk.ACTION_CURRENT_ACCESS_TOKEN_CHANGED" />
203-->[com.facebook.android:facebook-core:8.1.0] AndroidManifest.xml:48:17-95
203-->[com.facebook.android:facebook-core:8.1.0] AndroidManifest.xml:48:25-92
204            </intent-filter>
205        </receiver>
206    </application>
207
208</manifest>